C:\Program Files (x86)\Microsoft Visual Studio\2019\Community\MSBuild\Microsoft\VC\v160\Microsoft.CppBuild.targets(1091,5): warning MSB8027: Two or more files with the name of Glfw.cpp will produce outputs to the same location. This can lead to an incorrect build result.  The files involved are ..\..\..\Sources\Modules\UserInterface\Graphical\Opengl\ExtensionLoader\Glfw.cpp, ..\..\..\Sources\Modules\UserInterface\Graphical\Opengl\Window\Glfw.cpp.
C:\Program Files (x86)\Microsoft Visual Studio\2019\Community\MSBuild\Microsoft\VC\v160\Microsoft.CppBuild.targets(1091,5): warning MSB8027: Two or more files with the name of Sdl.cpp will produce outputs to the same location. This can lead to an incorrect build result.  The files involved are ..\..\..\Sources\Modules\UserInterface\Graphical\Opengl\ExtensionLoader\Sdl.cpp, ..\..\..\Sources\Modules\UserInterface\Graphical\Opengl\Window\Sdl.cpp.
  LifeCycle.cpp
  Glfw.cpp
  Sdl.cpp
  main.cpp
  Generating Code...
Debug\Glfw.obj : warning LNK4042: object specified more than once; extras ignored
Debug\Sdl.obj : warning LNK4042: object specified more than once; extras ignored
Glfw.obj : error LNK2019: unresolved external symbol _glfwInit referenced in function "public: virtual void __thiscall ogl::userInterface::graphical::opengl::window::Glfw::initialize(void)" (?initialize@Glfw@window@opengl@graphical@userInterface@ogl@@UAEXXZ)
Glfw.obj : error LNK2019: unresolved external symbol _glfwTerminate referenced in function "public: virtual void __thiscall ogl::userInterface::graphical::opengl::window::Glfw::releaseResources(void)" (?releaseResources@Glfw@window@opengl@graphical@userInterface@ogl@@UAEXXZ)
Glfw.obj : error LNK2019: unresolved external symbol _glfwCreateWindow referenced in function "public: virtual void __thiscall ogl::userInterface::graphical::opengl::window::Glfw::create(void)" (?create@Glfw@window@opengl@graphical@userInterface@ogl@@UAEXXZ)
Glfw.obj : error LNK2019: unresolved external symbol _glfwDestroyWindow referenced in function "public: virtual void __thiscall ogl::userInterface::graphical::opengl::window::Glfw::releaseResources(void)" (?releaseResources@Glfw@window@opengl@graphical@userInterface@ogl@@UAEXXZ)
Glfw.obj : error LNK2019: unresolved external symbol _glfwWindowShouldClose referenced in function "public: virtual void __thiscall ogl::userInterface::graphical::opengl::window::Glfw::handleEvents(void)" (?handleEvents@Glfw@window@opengl@graphical@userInterface@ogl@@UAEXXZ)
Glfw.obj : error LNK2019: unresolved external symbol _glfwSetFramebufferSizeCallback referenced in function "public: virtual void __thiscall ogl::userInterface::graphical::opengl::window::Glfw::create(void)" (?create@Glfw@window@opengl@graphical@userInterface@ogl@@UAEXXZ)
Glfw.obj : error LNK2019: unresolved external symbol _glfwPollEvents referenced in function "public: virtual void __thiscall ogl::userInterface::graphical::opengl::window::Glfw::pollEvents(void)" (?pollEvents@Glfw@window@opengl@graphical@userInterface@ogl@@UAEXXZ)
Glfw.obj : error LNK2019: unresolved external symbol _glfwGetKey referenced in function "public: virtual void __thiscall ogl::userInterface::graphical::opengl::window::Glfw::handleEvents(void)" (?handleEvents@Glfw@window@opengl@graphical@userInterface@ogl@@UAEXXZ)
Glfw.obj : error LNK2019: unresolved external symbol _glfwMakeContextCurrent referenced in function "public: virtual void __thiscall ogl::userInterface::graphical::opengl::window::Glfw::create(void)" (?create@Glfw@window@opengl@graphical@userInterface@ogl@@UAEXXZ)
Glfw.obj : error LNK2019: unresolved external symbol _glfwSwapBuffers referenced in function "public: virtual void __thiscall ogl::userInterface::graphical::opengl::window::Glfw::swapBuffers(void)" (?swapBuffers@Glfw@window@opengl@graphical@userInterface@ogl@@UAEXXZ)
D:\workspace\c++\cpp\projects\active\ogllearning\Build\BuildTools\Windows\..\..\..\Build\Output\Windows\Debug\X86\ogllearning.exe : fatal error LNK1120: 10 unresolved externals
